<?xml version="1.0" encoding="UTF-8"?>
<!-- Generated by org.testng.reporters.JUnitReportReporter -->
<testsuite skipped="0" hostname="Jeeva-PC" name="com.yh.TestNG.Testsc" tests="1" failures="0" timestamp="10 Aug 2019 12:10:12 GMT" time="36.294" errors="0">
  <testcase name="Login" time="36.294" classname="com.yh.TestNG.Testsc"/>
</testsuite> <!-- com.yh.TestNG.Testsc -->
